pie
burgers
pizza
pie
tacos
fried chicken
spaghetti
rice
cake
broccoli
cake
cereal
salad
avocados
burgers
rice
rice
salad
ice cream
avocados
pie
pizza
fish
fried chicken
rice
strawberries
broccoli
bananas
salad
pizza
tacos
spaghetti
burgers
spaghetti
spaghetti
watermelon
avocados
strawberries
avocados
burgers
spaghetti
salad
pie
fried chicken
rice
fish
fried chicken
ice cream
fried chicken
pizza
salad
avocados
rice
pie
pie
tacos
fish
rice
salad
bananas
burgers
salad
rice
tacos
fried chicken
pizza
bananas
rice
bananas
rice
cereal
pizza
ice cream
strawberries
cereal
fried chicken
rice
burgers
bananas
broccoli
rice
burgers
avocados
tacos
fish
broccoli
fried chicken
pizza
burgers
cake
tacos
pie
burgers
ice cream
broccoli
watermelon
fried chicken
pie
burgers
ice cream
